2021-09-24 14:24:00 INFO  UrbanLadder:127 - Url is opened
  2021-09-24 14:24:10 INFO  UrbanLadder:130 - Get Customer Details
  2021-09-24 14:24:12 INFO  UrbanLadder:136 - Url is opened
  2021-09-24 14:24:12 INFO  UrbanLadder:139 - Search Many Products 
  2021-09-24 14:24:19 INFO  UrbanLadder:136 - Url is opened
  2021-09-24 14:24:19 INFO  UrbanLadder:139 - Search Many Products 
  2021-09-24 14:24:25 INFO  UrbanLadder:136 - Url is opened
  2021-09-24 14:24:25 INFO  UrbanLadder:139 - Search Many Products 
  2021-09-24 14:24:30 INFO  UrbanLadder:136 - Url is opened
  2021-09-24 14:24:30 INFO  UrbanLadder:139 - Search Many Products 
  2021-09-24 14:24:36 INFO  UrbanLadder:86 - Url is opened
  2021-09-24 14:24:36 INFO  UrbanLadder:88 - SearchProducts
  2021-09-24 14:24:40 INFO  UrbanLadder:90 - Add Filters to SearchProducts
  2021-09-24 14:24:51 INFO  UrbanLadder:70 - Url is opened
  2021-09-24 14:24:57 INFO  UrbanLadder:109 - Url is opened
  2021-09-24 14:24:57 INFO  UrbanLadder:111 - Click Store
  2021-09-24 14:25:04 INFO  UrbanLadder:118 - Url is opened
  2021-09-24 14:25:04 INFO  UrbanLadder:120 - Click Tv
  2021-09-24 14:37:33 INFO  UrbanLadder:143 - Url is opened
  2021-09-24 14:37:34 INFO  UrbanLadder:146 - Search Many Products 
  2021-09-24 14:37:42 INFO  UrbanLadder:143 - Url is opened
  2021-09-24 14:37:43 INFO  UrbanLadder:146 - Search Many Products 
  2021-09-24 14:37:47 INFO  UrbanLadder:143 - Url is opened
  2021-09-24 14:37:47 INFO  UrbanLadder:146 - Search Many Products 
  2021-09-24 14:37:52 INFO  UrbanLadder:143 - Url is opened
  2021-09-24 14:37:52 INFO  UrbanLadder:146 - Search Many Products 
  2021-09-24 14:37:57 INFO  UrbanLadder:93 - Url is opened
  2021-09-24 14:37:57 INFO  UrbanLadder:95 - SearchProducts
  2021-09-24 14:38:01 INFO  UrbanLadder:97 - Add Filters to SearchProducts
  2021-09-24 14:38:07 INFO  UrbanLadder:77 - Url is opened
  2021-09-24 14:38:13 INFO  UrbanLadder:116 - Url is opened
  2021-09-24 14:38:13 INFO  UrbanLadder:118 - Click Store
  2021-09-24 14:38:19 INFO  UrbanLadder:134 - Url is opened
  2021-09-24 14:38:29 INFO  UrbanLadder:137 - Get Customer Details
  2021-09-24 14:38:30 INFO  UrbanLadder:125 - Url is opened
  2021-09-24 14:38:30 INFO  UrbanLadder:127 - Click Tv
  